<?xml version="1.0" encoding="UTF-8"?>
<!-- Generated by org.testng.reporters.JUnitReportReporter -->
<testsuite hostname="DESKTOP-PN6B02K" failures="0" tests="5" name="testCases.TC_003_LogInTestDDT" time="41.461" errors="0" timestamp="2025-02-28T15:31:35 IST" skipped="0">
  <testcase classname="testCases.TC_003_LogInTestDDT" name="testLoginDDT" time="12.125"/>
  <system-out/>
  <testcase classname="testCases.TC_003_LogInTestDDT" name="testLoginDDT" time="3.127"/>
  <system-out/>
  <testcase classname="testCases.TC_003_LogInTestDDT" name="testLoginDDT" time="12.073"/>
  <system-out/>
  <testcase classname="testCases.TC_003_LogInTestDDT" name="testLoginDDT" time="11.599"/>
  <system-out/>
  <testcase classname="testCases.TC_003_LogInTestDDT" name="testLoginDDT" time="2.537"/>
  <system-out/>
</testsuite> <!-- testCases.TC_003_LogInTestDDT -->
