<?xml version="1.0" encoding="UTF-8"?>
<!-- Generated by org.testng.reporters.JUnitReportReporter -->
<testsuite hostname="DESKTOP-PN6B02K" failures="0" tests="1" name="testCases.TC_002_LogInTest" time="17.849" errors="0" timestamp="2025-02-28T15:31:35 IST" skipped="0">
  <testcase classname="testCases.TC_002_LogInTest" name="testLogin" time="17.849"/>
  <system-out/>
</testsuite> <!-- testCases.TC_002_LogInTest -->
