<?xml version="1.0" encoding="UTF-8"?>
<!-- Generated by org.testng.reporters.JUnitReportReporter -->
<testsuite hostname="DESKTOP-PN6B02K" failures="0" tests="2" name="testCases.TC_001_RegisterToApplication" time="15.842" errors="0" timestamp="2025-03-03T12:18:40 IST" skipped="0">
  <testcase classname="testCases.TC_001_RegisterToApplication" name="testRegister" time="8.438"/>
  <testcase classname="testCases.TC_001_RegisterToApplication" name="testRegister" time="7.404"/>
</testsuite> <!-- testCases.TC_001_RegisterToApplication -->
