<?xml version="1.0" encoding="UTF-8"?>
<!-- Generated by org.testng.reporters.JUnitReportReporter -->
<testsuite hostname="DESKTOP-PN6B02K" failures="0" tests="2" name="testCases.TC_002_LogInTest" time="5.924" errors="0" timestamp="2025-03-03T12:18:40 IST" skipped="0">
  <testcase classname="testCases.TC_002_LogInTest" name="testLogin" time="2.659"/>
  <testcase classname="testCases.TC_002_LogInTest" name="testLogin" time="3.265"/>
</testsuite> <!-- testCases.TC_002_LogInTest -->
