<?xml version="1.0" encoding="UTF-8"?>
<!-- Generated by org.testng.reporters.JUnitReportReporter -->
<testsuite hostname="DESKTOP-PN6B02K" failures="0" tests="5" name="testCases.TC_003_LogInTestDDT" time="41.371" errors="0" timestamp="2025-02-28T16:07:32 IST" skipped="0">
  <testcase classname="testCases.TC_003_LogInTestDDT" name="testLoginDDT" time="3.231"/>
  <testcase classname="testCases.TC_003_LogInTestDDT" name="testLoginDDT" time="2.568"/>
  <testcase classname="testCases.TC_003_LogInTestDDT" name="testLoginDDT" time="12.307"/>
  <testcase classname="testCases.TC_003_LogInTestDDT" name="testLoginDDT" time="11.606"/>
  <testcase classname="testCases.TC_003_LogInTestDDT" name="testLoginDDT" time="11.659"/>
</testsuite> <!-- testCases.TC_003_LogInTestDDT -->
